Added Component: Designator=C3(CAPPRD500W50D500H1100)
Add component (AddParameter): Name = "Availability"; Value = "In Stock"; VariantName = "[No Variations]"
Add component (AddParameter): Name = "Check_prices"; Value = "https://www.snapeda.com/parts/ECA-1HM220E/Panasonic/view-part/6222795/?ref=eda"; VariantName = "[No Variations]"
Add component (AddParameter): Name = "MF"; Value = "Panasonic"; VariantName = "[No Variations]"
Add component (AddParameter): Name = "MP"; Value = "ECA-1HM220E"; VariantName = "[No Variations]"
Add component (AddParameter): Name = "Package"; Value = "RADIAL-2 Panasonic"; VariantName = "[No Variations]"
Add component (AddParameter): Name = "Price"; Value = "None"; VariantName = "[No Variations]"
Add component (AddParameter): Name = "SnapEDA_Link"; Value = "https://www.snapeda.com/parts/ECA-1HM220E/Panasonic/view-part/6222795/?ref=snap"; VariantName = "[No Variations]"
Add component (AddParameter): Name = "Value"; Value = ""; VariantName = "[No Variations]"
Added Component: Designator=C4(CAPPRD500W50D500H1100)
Add component (AddParameter): Name = "Availability"; Value = "In Stock"; VariantName = "[No Variations]"
Add component (AddParameter): Name = "Check_prices"; Value = "https://www.snapeda.com/parts/ECA-1HM220E/Panasonic/view-part/6222795/?ref=eda"; VariantName = "[No Variations]"
Add component (AddParameter): Name = "MF"; Value = "Panasonic"; VariantName = "[No Variations]"
Add component (AddParameter): Name = "MP"; Value = "ECA-1HM220E"; VariantName = "[No Variations]"
Add component (AddParameter): Name = "Package"; Value = "RADIAL-2 Panasonic"; VariantName = "[No Variations]"
Add component (AddParameter): Name = "Price"; Value = "None"; VariantName = "[No Variations]"
Add component (AddParameter): Name = "SnapEDA_Link"; Value = "https://www.snapeda.com/parts/ECA-1HM220E/Panasonic/view-part/6222795/?ref=snap"; VariantName = "[No Variations]"
Add component (AddParameter): Name = "Value"; Value = ""; VariantName = "[No Variations]"
Added Component: Designator=C5(CAPPRD500W50D500H1100)
Add component (AddParameter): Name = "Availability"; Value = "In Stock"; VariantName = "[No Variations]"
Add component (AddParameter): Name = "Check_prices"; Value = "https://www.snapeda.com/parts/ECA-1HM220E/Panasonic/view-part/6222795/?ref=eda"; VariantName = "[No Variations]"
Add component (AddParameter): Name = "MF"; Value = "Panasonic"; VariantName = "[No Variations]"
Add component (AddParameter): Name = "MP"; Value = "ECA-1HM220E"; VariantName = "[No Variations]"
Add component (AddParameter): Name = "Package"; Value = "RADIAL-2 Panasonic"; VariantName = "[No Variations]"
Add component (AddParameter): Name = "Price"; Value = "None"; VariantName = "[No Variations]"
Add component (AddParameter): Name = "SnapEDA_Link"; Value = "https://www.snapeda.com/parts/ECA-1HM220E/Panasonic/view-part/6222795/?ref=snap"; VariantName = "[No Variations]"
Add component (AddParameter): Name = "Value"; Value = ""; VariantName = "[No Variations]"
Added Component: Designator=Q1(TO254P1054X470X2600-3)
Add component (AddParameter): Name = "Availability"; Value = "Not in stock"; VariantName = "[No Variations]"
Add component (AddParameter): Name = "Check_prices"; Value = "https://www.snapeda.com/parts/LM7805CT/Comset+Semiconductors/view-part/?ref=eda"; VariantName = "[No Variations]"
Add component (AddParameter): Name = "MF"; Value = "Comset Semiconductors"; VariantName = "[No Variations]"
Add component (AddParameter): Name = "MP"; Value = "LM7805CT"; VariantName = "[No Variations]"
Add component (AddParameter): Name = "Package"; Value = "TO-220 Comset Semiconductors"; VariantName = "[No Variations]"
Add component (AddParameter): Name = "Price"; Value = "None"; VariantName = "[No Variations]"
Add component (AddParameter): Name = "SnapEDA_Link"; Value = "https://www.snapeda.com/parts/LM7805CT/Comset+Semiconductors/view-part/?ref=snap"; VariantName = "[No Variations]"
Add component (AddParameter): Name = "Value"; Value = ""; VariantName = "[No Variations]"
Added Component: Designator=Q2(TO254P1054X470X2600-3)
Add component (AddParameter): Name = "Availability"; Value = "Not in stock"; VariantName = "[No Variations]"
Add component (AddParameter): Name = "Check_prices"; Value = "https://www.snapeda.com/parts/LM7805CT/Comset+Semiconductors/view-part/?ref=eda"; VariantName = "[No Variations]"
Add component (AddParameter): Name = "MF"; Value = "Comset Semiconductors"; VariantName = "[No Variations]"
Add component (AddParameter): Name = "MP"; Value = "LM7805CT"; VariantName = "[No Variations]"
Add component (AddParameter): Name = "Package"; Value = "TO-220 Comset Semiconductors"; VariantName = "[No Variations]"
Add component (AddParameter): Name = "Price"; Value = "None"; VariantName = "[No Variations]"
Add component (AddParameter): Name = "SnapEDA_Link"; Value = "https://www.snapeda.com/parts/LM7805CT/Comset+Semiconductors/view-part/?ref=snap"; VariantName = "[No Variations]"
Add component (AddParameter): Name = "Value"; Value = ""; VariantName = "[No Variations]"
Added Component: Designator=Q3(TO254P1054X470X2600-3)
Add component (AddParameter): Name = "Availability"; Value = "Not in stock"; VariantName = "[No Variations]"
Add component (AddParameter): Name = "Check_prices"; Value = "https://www.snapeda.com/parts/LM7805CT/Comset+Semiconductors/view-part/?ref=eda"; VariantName = "[No Variations]"
Add component (AddParameter): Name = "MF"; Value = "Comset Semiconductors"; VariantName = "[No Variations]"
Add component (AddParameter): Name = "MP"; Value = "LM7805CT"; VariantName = "[No Variations]"
Add component (AddParameter): Name = "Package"; Value = "TO-220 Comset Semiconductors"; VariantName = "[No Variations]"
Add component (AddParameter): Name = "Price"; Value = "None"; VariantName = "[No Variations]"
Add component (AddParameter): Name = "SnapEDA_Link"; Value = "https://www.snapeda.com/parts/LM7805CT/Comset+Semiconductors/view-part/?ref=snap"; VariantName = "[No Variations]"
Add component (AddParameter): Name = "Value"; Value = ""; VariantName = "[No Variations]"
Added Component: Designator=Q?(TO254P1054X470X2600-3)
Add component (AddParameter): Name = "Availability"; Value = "Not in stock"; VariantName = "[No Variations]"
Add component (AddParameter): Name = "Check_prices"; Value = "https://www.snapeda.com/parts/LM7805CT/Comset+Semiconductors/view-part/?ref=eda"; VariantName = "[No Variations]"
Add component (AddParameter): Name = "MF"; Value = "Comset Semiconductors"; VariantName = "[No Variations]"
Add component (AddParameter): Name = "MP"; Value = "LM7805CT"; VariantName = "[No Variations]"
Add component (AddParameter): Name = "Package"; Value = "TO-220 Comset Semiconductors"; VariantName = "[No Variations]"
Add component (AddParameter): Name = "Price"; Value = "None"; VariantName = "[No Variations]"
Add component (AddParameter): Name = "SnapEDA_Link"; Value = "https://www.snapeda.com/parts/LM7805CT/Comset+Semiconductors/view-part/?ref=snap"; VariantName = "[No Variations]"
Add component (AddParameter): Name = "Value"; Value = ""; VariantName = "[No Variations]"
Added Component: Designator=Q?(TO254P1054X470X2600-3)
Add component (AddParameter): Name = "Availability"; Value = "Not in stock"; VariantName = "[No Variations]"
Add component (AddParameter): Name = "Check_prices"; Value = "https://www.snapeda.com/parts/LM7805CT/Comset+Semiconductors/view-part/?ref=eda"; VariantName = "[No Variations]"
Add component (AddParameter): Name = "MF"; Value = "Comset Semiconductors"; VariantName = "[No Variations]"
Add component (AddParameter): Name = "MP"; Value = "LM7805CT"; VariantName = "[No Variations]"
Add component (AddParameter): Name = "Package"; Value = "TO-220 Comset Semiconductors"; VariantName = "[No Variations]"
Add component (AddParameter): Name = "Price"; Value = "None"; VariantName = "[No Variations]"
Add component (AddParameter): Name = "SnapEDA_Link"; Value = "https://www.snapeda.com/parts/LM7805CT/Comset+Semiconductors/view-part/?ref=snap"; VariantName = "[No Variations]"
Add component (AddParameter): Name = "Value"; Value = ""; VariantName = "[No Variations]"
Add Component: Footprint Not Found RESAD640W45L370D200
Add Component: Footprint Not Found RESAD640W45L370D200
Add Component: Footprint Not Found RESAD640W45L370D200
Add Component: Footprint Not Found RESAD640W45L370D200
Add Component: Footprint Not Found RESAD640W45L370D200
Add Component: Footprint Not Found RESAD640W45L370D200
Added Component: Designator=R?(RESAD1100W55L680D260)
Add component (AddParameter): Name = "Availability"; Value = "In Stock"; VariantName = "[No Variations]"
Add component (AddParameter): Name = "Check_prices"; Value = "https://www.snapeda.com/parts/MFR-25FBF52-1K/Yageo/view-part/?ref=eda"; VariantName = "[No Variations]"
Add component (AddParameter): Name = "MF"; Value = "Yageo"; VariantName = "[No Variations]"
Add component (AddParameter): Name = "MP"; Value = "MFR-25FBF52-1K"; VariantName = "[No Variations]"
Add component (AddParameter): Name = "Package"; Value = "Axial Yageo"; VariantName = "[No Variations]"
Add component (AddParameter): Name = "Price"; Value = "None"; VariantName = "[No Variations]"
Add component (AddParameter): Name = "Purchase-URL"; Value = "https://pricing.snapeda.com/search/part/MFR-25FBF52-1K/?ref=eda"; VariantName = "[No Variations]"
Add component (AddParameter): Name = "SnapEDA_Link"; Value = "https://www.snapeda.com/parts/MFR-25FBF52-1K/Yageo/view-part/?ref=snap"; VariantName = "[No Variations]"
Add component (AddParameter): Name = "Value"; Value = ""; VariantName = "[No Variations]"
Add Component: Footprint Not Found RESAD640W45L370D200
Add Component: Footprint Not Found RESAD640W45L370D200
Add Component: Footprint Not Found RESAD640W45L370D200
Add Component: Footprint Not Found RESAD640W45L370D200
Add Component: Footprint Not Found RESAD640W45L370D200
Added Pin To Net: NetName=GND Pin=C1-P
Added Pin To Net: NetName=GND Pin=C4-P
Added Pin To Net: NetName=GND Pin=J1-2
Added Pin To Net: NetName=GND Pin=J2-2
Added Pin To Net: NetName=GND Pin=Q3-3
Added Pin To Net: NetName=GND Pin=Q?-3
Added Pin To Net: NetName=GND Pin=R?-1
Added Pin To Net: NetName=GND Pin=R?-1
Added Pin To Net: NetName=GND Pin=R?-1
Added Pin To Net: NetName=GND Pin=R?-1
Added Pin To Net: NetName=GND Pin=R?-1
Added Net: Name=GND
Added Pin To Net: NetName=NetC2_N Pin=C2-N
Added Pin To Net: NetName=NetC2_N Pin=R?-2
Added Net: Name=NetC2_N
Added Pin To Net: NetName=NetC2_P Pin=C2-P
Added Pin To Net: NetName=NetC2_P Pin=Q1-2
Added Pin To Net: NetName=NetC2_P Pin=R?-1
Added Pin To Net: NetName=NetC2_P Pin=R?-2
Added Net: Name=NetC2_P
Added Pin To Net: NetName=NetC3_N Pin=C3-N
Added Pin To Net: NetName=NetC3_N Pin=Q1-1
Added Pin To Net: NetName=NetC3_N Pin=R?-1
Added Net: Name=NetC3_N
Added Pin To Net: NetName=NetC3_P Pin=C3-P
Added Pin To Net: NetName=NetC3_P Pin=Q2-2
Added Pin To Net: NetName=NetC3_P Pin=Q3-2
Added Pin To Net: NetName=NetC3_P Pin=R?-1
Added Pin To Net: NetName=NetC3_P Pin=R?-2
Added Net: Name=NetC3_P
Added Pin To Net: NetName=NetC4_N Pin=C4-N
Added Pin To Net: NetName=NetC4_N Pin=Q1-3
Added Pin To Net: NetName=NetC4_N Pin=R?-2
Added Net: Name=NetC4_N
Added Pin To Net: NetName=NetC5_N Pin=C5-N
Added Pin To Net: NetName=NetC5_N Pin=R?-1
Added Pin To Net: NetName=NetC5_N Pin=R?-2
Added Net: Name=NetC5_N
Added Pin To Net: NetName=NetC5_P Pin=C5-P
Added Pin To Net: NetName=NetC5_P Pin=R?-2
Added Net: Name=NetC5_P
Added Pin To Net: NetName=NetJ2_1 Pin=J2-1
Added Pin To Net: NetName=NetJ2_1 Pin=R?-1
Added Net: Name=NetJ2_1
Added Pin To Net: NetName=NetQ2_3 Pin=Q2-3
Added Pin To Net: NetName=NetQ2_3 Pin=Q?-2
Added Pin To Net: NetName=NetQ2_3 Pin=R?-2
Added Net: Name=NetQ2_3
Added Pin To Net: NetName=NetQ3_1 Pin=Q3-1
Added Pin To Net: NetName=NetQ3_1 Pin=Q?-2
Added Pin To Net: NetName=NetQ3_1 Pin=R?-1
Added Net: Name=NetQ3_1
Added Pin To Net: NetName=NetQ?_1 Pin=Q?-1
Added Pin To Net: NetName=NetQ?_1 Pin=R?-1
Added Net: Name=NetQ?_1
Added Pin To Net: NetName=NetQ?_3 Pin=Q?-3
Added Pin To Net: NetName=NetQ?_3 Pin=R?-2
Added Net: Name=NetQ?_3
Added Pin To Net: NetName=Vcc Pin=C1-N
Added Pin To Net: NetName=Vcc Pin=J1-1
Added Pin To Net: NetName=Vcc Pin=Q2-1
Added Pin To Net: NetName=Vcc Pin=Q?-1
Added Pin To Net: NetName=Vcc Pin=R?-2
Added Pin To Net: NetName=Vcc Pin=R?-2
Added Pin To Net: NetName=Vcc Pin=R?-2
Added Pin To Net: NetName=Vcc Pin=R?-2
Added Net: Name=Vcc
Added Member To Class: ClassName=PCB_Schematic Member=Component C3 ECA1HM220E
Added Member To Class: ClassName=PCB_Schematic Member=Component C4 ECA1HM220E
Added Member To Class: ClassName=PCB_Schematic Member=Component C5 ECA1HM220E
Added Member To Class: ClassName=PCB_Schematic Member=Component Q1 LM7805CT/NOPB
Added Member To Class: ClassName=PCB_Schematic Member=Component Q2 LM7805CT/NOPB
Added Member To Class: ClassName=PCB_Schematic Member=Component Q3 LM7805CT/NOPB
Added Member To Class: ClassName=PCB_Schematic Member=Component Q? LM7805CT/NOPB
Added Member To Class: ClassName=PCB_Schematic Member=Component Q? LM7805CT/NOPB
Added Member To Class: ClassName=PCB_Schematic Member=Component R? 1622194-1
Added Member To Class: ClassName=PCB_Schematic Member=Component R? 1622194-1
Added Member To Class: ClassName=PCB_Schematic Member=Component R? 1622194-1
Added Member To Class: ClassName=PCB_Schematic Member=Component R? 1622194-1
Added Member To Class: ClassName=PCB_Schematic Member=Component R? 1622194-1
Added Member To Class: ClassName=PCB_Schematic Member=Component R? 1622194-1
Added Member To Class: ClassName=PCB_Schematic Member=Component R? MFR-25FBF52-1K
Added Member To Class: ClassName=PCB_Schematic Member=Component R? 1622194-1
Added Member To Class: ClassName=PCB_Schematic Member=Component R? 1622194-1
Added Member To Class: ClassName=PCB_Schematic Member=Component R? 1622194-1
Added Member To Class: ClassName=PCB_Schematic Member=Component R? 1622194-1
Added Member To Class: ClassName=PCB_Schematic Member=Component R? R6
