Change Component Footprint: Designator=R9 Old Footprint=RESAD1100W55L680D260 New Footprint=RESAD700W45L350D185
Change Component Footprint: Designator=R10 Old Footprint=RESAD1100W55L680D260 New Footprint=RESAD700W45L350D185
Change Component Footprint: Designator=R11 Old Footprint=RESAD1100W55L680D260 New Footprint=RESAD700W45L350D185
Change Component Comment : Designator=R9 Old Comment=MFR-25FBF52-1K New Comment=1623928-4
Change Component Comment : Designator=R10 Old Comment=MFR-25FBF52-1K New Comment=1623928-4
Change Component Comment : Designator=R11 Old Comment=MFR-25FBF52-1K New Comment=1623928-4
Change component parameters: Designator = "R9" ("R9"); Footprint = "RESAD1100W55L680D260"; UniqueID = "\KNZTXLZZ" ("\KNZTXLZZ")
Change component parameters (AddParameter): Name = "Availability"; Value = "Unavailable"; VariantName = "[No Variations]"
Change component parameters (AddParameter): Name = "MF"; Value = ""; VariantName = "[No Variations]"
Change component parameters (AddParameter): Name = "MP"; Value = "1623928-4"; VariantName = "[No Variations]"
Change component parameters (AddParameter): Name = "Package"; Value = "None"; VariantName = "[No Variations]"
Change component parameters (AddParameter): Name = "Price"; Value = "None"; VariantName = "[No Variations]"
Change component parameters (AddParameter): Name = "Value"; Value = ""; VariantName = "[No Variations]"
Change component parameters: Designator = "R10" ("R10"); Footprint = "RESAD1100W55L680D260"; UniqueID = "\VTMQSXOM" ("\VTMQSXOM")
Change component parameters (AddParameter): Name = "Availability"; Value = "Unavailable"; VariantName = "[No Variations]"
Change component parameters (AddParameter): Name = "MF"; Value = ""; VariantName = "[No Variations]"
Change component parameters (AddParameter): Name = "MP"; Value = "1623928-4"; VariantName = "[No Variations]"
Change component parameters (AddParameter): Name = "Package"; Value = "None"; VariantName = "[No Variations]"
Change component parameters (AddParameter): Name = "Price"; Value = "None"; VariantName = "[No Variations]"
Change component parameters (AddParameter): Name = "Value"; Value = ""; VariantName = "[No Variations]"
Change component parameters: Designator = "R11" ("R11"); Footprint = "RESAD1100W55L680D260"; UniqueID = "\ULSSFWYF" ("\ULSSFWYF")
Change component parameters (AddParameter): Name = "Availability"; Value = "Unavailable"; VariantName = "[No Variations]"
Change component parameters (AddParameter): Name = "MF"; Value = ""; VariantName = "[No Variations]"
Change component parameters (AddParameter): Name = "MP"; Value = "1623928-4"; VariantName = "[No Variations]"
Change component parameters (AddParameter): Name = "Package"; Value = "None"; VariantName = "[No Variations]"
Change component parameters (AddParameter): Name = "Price"; Value = "None"; VariantName = "[No Variations]"
Change component parameters (AddParameter): Name = "Value"; Value = ""; VariantName = "[No Variations]"
